This file contains any messages produced by compilers while
running configure, to aid debugging if configure makes a mistake.

It was created by swig configure 1.3.31, which was
generated by GNU Autoconf 2.59.  Invocation command line was

  $ ./configure 

## --------- ##
## Platform. ##
## --------- ##

hostname = darky-H61MLV2
uname -m = x86_64
uname -r = 3.16.0-30-generic
uname -s = Linux
uname -v = #40~14.04.1-Ubuntu SMP Thu Jan 15 17:43:14 UTC 2015

/usr/bin/uname -p = unknown
/bin/uname -X     = unknown

/bin/arch              = unknown
/usr/bin/arch -k       = unknown
/usr/convex/getsysinfo = unknown
hostinfo               = unknown
/bin/machine           = unknown
/usr/bin/oslevel       = unknown
/bin/universe          = unknown

PATH: /usr/local/sbin
PATH: /usr/local/bin
PATH: /usr/sbin
PATH: /usr/bin
PATH: /sbin
PATH: /bin
PATH: /usr/games
PATH: /usr/local/games


## ----------- ##
## Core tests. ##
## ----------- ##

configure:1440: checking build system type
configure:1458: result: x86_64-unknown-linux-gnu
configure:1466: checking host system type
configure:1480: result: x86_64-unknown-linux-gnu
configure:1502: checking for a BSD-compatible install
configure:1557: result: /usr/bin/install -c
configure:1568: checking whether build environment is sane
configure:1611: result: yes
configure:1676: checking for gawk
configure:1705: result: no
configure:1676: checking for mawk
configure:1692: found /usr/bin/mawk
configure:1702: result: mawk
configure:1712: checking whether make sets $(MAKE)
configure:1732: result: yes
configure:1950: checking for gcc
configure:1966: found /usr/bin/gcc
configure:1976: result: gcc
configure:2220: checking for C compiler version
configure:2223: gcc --version </dev/null >&5
gcc (Ubuntu 4.8.2-19ubuntu1) 4.8.2
Copyright (C) 2013 Free Software Foundation, Inc.
This is free software; see the source for copying conditions.  There is NO
warranty; not even for MERCHANTABILITY or FITNESS FOR A PARTICULAR PURPOSE.

configure:2226: $? = 0
configure:2228: gcc -v </dev/null >&5
Using built-in specs.
COLLECT_GCC=gcc
COLLECT_LTO_WRAPPER=/usr/lib/gcc/x86_64-linux-gnu/4.8/lto-wrapper
Target: x86_64-linux-gnu
Configured with: ../src/configure -v --with-pkgversion='Ubuntu 4.8.2-19ubuntu1' --with-bugurl=file:///usr/share/doc/gcc-4.8/README.Bugs --enable-languages=c,c++,java,go,d,fortran,objc,obj-c++ --prefix=/usr --program-suffix=-4.8 --enable-shared --enable-linker-build-id --libexecdir=/usr/lib --without-included-gettext --enable-threads=posix --with-gxx-include-dir=/usr/include/c++/4.8 --libdir=/usr/lib --enable-nls --with-sysroot=/ --enable-clocale=gnu --enable-libstdcxx-debug --enable-libstdcxx-time=yes --enable-gnu-unique-object --disable-libmudflap --enable-plugin --with-system-zlib --disable-browser-plugin --enable-java-awt=gtk --enable-gtk-cairo --with-java-home=/usr/lib/jvm/java-1.5.0-gcj-4.8-amd64/jre --enable-java-home --with-jvm-root-dir=/usr/lib/jvm/java-1.5.0-gcj-4.8-amd64 --with-jvm-jar-dir=/usr/lib/jvm-exports/java-1.5.0-gcj-4.8-amd64 --with-arch-directory=amd64 --with-ecj-jar=/usr/share/java/eclipse-ecj.jar --enable-objc-gc --enable-multiarch --disable-werror --with-arch-32=i686 --with-abi=m64 --with-multilib-list=m32,m64,mx32 --with-tune=generic --enable-checking=release --build=x86_64-linux-gnu --host=x86_64-linux-gnu --target=x86_64-linux-gnu
Thread model: posix
gcc version 4.8.2 (Ubuntu 4.8.2-19ubuntu1) 
configure:2231: $? = 0
configure:2233: gcc -V </dev/null >&5
gcc: error: unrecognized command line option '-V'
gcc: fatal error: no input files
compilation terminated.
configure:2236: $? = 4
configure:2259: checking for C compiler default output file name
configure:2262: gcc    conftest.c  >&5
configure:2265: $? = 0
configure:2311: result: a.out
configure:2316: checking whether the C compiler works
configure:2322: ./a.out
configure:2325: $? = 0
configure:2342: result: yes
configure:2349: checking whether we are cross compiling
configure:2351: result: no
configure:2354: checking for suffix of executables
configure:2356: gcc -o conftest    conftest.c  >&5
configure:2359: $? = 0
configure:2384: result: 
configure:2390: checking for suffix of object files
configure:2411: gcc -c   conftest.c >&5
configure:2414: $? = 0
configure:2436: result: o
configure:2440: checking whether we are using the GNU C compiler
configure:2464: gcc -c   conftest.c >&5
configure:2470: $? = 0
configure:2474: test -z 
			 || test ! -s conftest.err
configure:2477: $? = 0
configure:2480: test -s conftest.o
configure:2483: $? = 0
configure:2496: result: yes
configure:2502: checking whether gcc accepts -g
configure:2523: gcc -c -g  conftest.c >&5
configure:2529: $? = 0
configure:2533: test -z 
			 || test ! -s conftest.err
configure:2536: $? = 0
configure:2539: test -s conftest.o
configure:2542: $? = 0
configure:2553: result: yes
configure:2570: checking for gcc option to accept ANSI C
configure:2640: gcc  -c -g -O2  conftest.c >&5
configure:2646: $? = 0
configure:2650: test -z 
			 || test ! -s conftest.err
configure:2653: $? = 0
configure:2656: test -s conftest.o
configure:2659: $? = 0
configure:2677: result: none needed
configure:2695: gcc -c -g -O2  conftest.c >&5
conftest.c:2:3: error: unknown type name 'choke'
   choke me
   ^
conftest.c:2:3: error: expected '=', ',', ';', 'asm' or '__attribute__' at end of input
configure:2701: $? = 1
configure: failed program was:
| #ifndef __cplusplus
|   choke me
| #endif
configure:2845: checking for style of include used by make
configure:2873: result: GNU
configure:2901: checking dependency style of gcc
configure:2991: result: gcc3
configure:3060: checking for g++
configure:3076: found /usr/bin/g++
configure:3086: result: g++
configure:3102: checking for C++ compiler version
configure:3105: g++ --version </dev/null >&5
g++ (Ubuntu 4.8.2-19ubuntu1) 4.8.2
Copyright (C) 2013 Free Software Foundation, Inc.
This is free software; see the source for copying conditions.  There is NO
warranty; not even for MERCHANTABILITY or FITNESS FOR A PARTICULAR PURPOSE.

configure:3108: $? = 0
configure:3110: g++ -v </dev/null >&5
Using built-in specs.
COLLECT_GCC=g++
COLLECT_LTO_WRAPPER=/usr/lib/gcc/x86_64-linux-gnu/4.8/lto-wrapper
Target: x86_64-linux-gnu
Configured with: ../src/configure -v --with-pkgversion='Ubuntu 4.8.2-19ubuntu1' --with-bugurl=file:///usr/share/doc/gcc-4.8/README.Bugs --enable-languages=c,c++,java,go,d,fortran,objc,obj-c++ --prefix=/usr --program-suffix=-4.8 --enable-shared --enable-linker-build-id --libexecdir=/usr/lib --without-included-gettext --enable-threads=posix --with-gxx-include-dir=/usr/include/c++/4.8 --libdir=/usr/lib --enable-nls --with-sysroot=/ --enable-clocale=gnu --enable-libstdcxx-debug --enable-libstdcxx-time=yes --enable-gnu-unique-object --disable-libmudflap --enable-plugin --with-system-zlib --disable-browser-plugin --enable-java-awt=gtk --enable-gtk-cairo --with-java-home=/usr/lib/jvm/java-1.5.0-gcj-4.8-amd64/jre --enable-java-home --with-jvm-root-dir=/usr/lib/jvm/java-1.5.0-gcj-4.8-amd64 --with-jvm-jar-dir=/usr/lib/jvm-exports/java-1.5.0-gcj-4.8-amd64 --with-arch-directory=amd64 --with-ecj-jar=/usr/share/java/eclipse-ecj.jar --enable-objc-gc --enable-multiarch --disable-werror --with-arch-32=i686 --with-abi=m64 --with-multilib-list=m32,m64,mx32 --with-tune=generic --enable-checking=release --build=x86_64-linux-gnu --host=x86_64-linux-gnu --target=x86_64-linux-gnu
Thread model: posix
gcc version 4.8.2 (Ubuntu 4.8.2-19ubuntu1) 
configure:3113: $? = 0
configure:3115: g++ -V </dev/null >&5
g++: error: unrecognized command line option '-V'
g++: fatal error: no input files
compilation terminated.
configure:3118: $? = 4
configure:3121: checking whether we are using the GNU C++ compiler
configure:3145: g++ -c   conftest.cc >&5
configure:3151: $? = 0
configure:3155: test -z 
			 || test ! -s conftest.err
configure:3158: $? = 0
configure:3161: test -s conftest.o
configure:3164: $? = 0
configure:3177: result: yes
configure:3183: checking whether g++ accepts -g
configure:3204: g++ -c -g  conftest.cc >&5
configure:3210: $? = 0
configure:3214: test -z 
			 || test ! -s conftest.err
configure:3217: $? = 0
configure:3220: test -s conftest.o
configure:3223: $? = 0
configure:3234: result: yes
configure:3276: g++ -c -g -O2  conftest.cc >&5
configure:3282: $? = 0
configure:3286: test -z 
			 || test ! -s conftest.err
configure:3289: $? = 0
configure:3292: test -s conftest.o
configure:3295: $? = 0
configure:3321: g++ -c -g -O2  conftest.cc >&5
conftest.cc: In function 'int main()':
conftest.cc:15:9: error: 'exit' was not declared in this scope
 exit (42);
         ^
configure:3327: $? = 1
configure: failed program was:
| /* confdefs.h.  */
| 
| #define PACKAGE_NAME "swig"
| #define PACKAGE_TARNAME "swig"
| #define PACKAGE_VERSION "1.3.31"
| #define PACKAGE_STRING "swig 1.3.31"
| #define PACKAGE_BUGREPORT "http://www.swig.org"
| #define PACKAGE "swig"
| #define VERSION "1.3.31"
| /* end confdefs.h.  */
| 
| int
| main ()
| {
| exit (42);
|   ;
|   return 0;
| }
configure:3276: g++ -c -g -O2  conftest.cc >&5
conftest.cc:11:40: error: 'void std::exit(int)' should have been declared inside 'std'
 extern "C" void std::exit (int) throw (); using std::exit;
                                        ^
configure:3282: $? = 1
configure: failed program was:
| /* confdefs.h.  */
| 
| #define PACKAGE_NAME "swig"
| #define PACKAGE_TARNAME "swig"
| #define PACKAGE_VERSION "1.3.31"
| #define PACKAGE_STRING "swig 1.3.31"
| #define PACKAGE_BUGREPORT "http://www.swig.org"
| #define PACKAGE "swig"
| #define VERSION "1.3.31"
| /* end confdefs.h.  */
| extern "C" void std::exit (int) throw (); using std::exit;
| #include <stdlib.h>
| int
| main ()
| {
| exit (42);
|   ;
|   return 0;
| }
configure:3276: g++ -c -g -O2  conftest.cc >&5
conftest.cc:11:31: error: 'void std::exit(int)' should have been declared inside 'std'
 extern "C" void std::exit (int); using std::exit;
                               ^
In file included from conftest.cc:12:0:
/usr/include/stdlib.h:543:70: error: declaration of 'void std::exit(int) throw ()' has a different exception specifier
 extern void exit (int __status) __THROW __attribute__ ((__noreturn__));
                                                                      ^
conftest.cc:11:17: error: from previous declaration 'void std::exit(int)'
 extern "C" void std::exit (int); using std::exit;
                 ^
configure:3282: $? = 1
configure: failed program was:
| /* confdefs.h.  */
| 
| #define PACKAGE_NAME "swig"
| #define PACKAGE_TARNAME "swig"
| #define PACKAGE_VERSION "1.3.31"
| #define PACKAGE_STRING "swig 1.3.31"
| #define PACKAGE_BUGREPORT "http://www.swig.org"
| #define PACKAGE "swig"
| #define VERSION "1.3.31"
| /* end confdefs.h.  */
| extern "C" void std::exit (int); using std::exit;
| #include <stdlib.h>
| int
| main ()
| {
| exit (42);
|   ;
|   return 0;
| }
configure:3276: g++ -c -g -O2  conftest.cc >&5
configure:3282: $? = 0
configure:3286: test -z 
			 || test ! -s conftest.err
configure:3289: $? = 0
configure:3292: test -s conftest.o
configure:3295: $? = 0
configure:3321: g++ -c -g -O2  conftest.cc >&5
configure:3327: $? = 0
configure:3331: test -z 
			 || test ! -s conftest.err
configure:3334: $? = 0
configure:3337: test -s conftest.o
configure:3340: $? = 0
configure:3365: checking dependency style of g++
configure:3455: result: gcc3
configure:3476: checking for bison
configure:3505: result: no
configure:3476: checking for byacc
configure:3505: result: no
configure:3556: checking for ranlib
configure:3572: found /usr/bin/ranlib
configure:3583: result: ranlib
configure:3596: checking whether gcc and cc understand -c and -o together
configure:3626: gcc -c conftest.c -o conftest.o >&5
configure:3629: $? = 0
configure:3631: gcc -c conftest.c -o conftest.o >&5
configure:3634: $? = 0
configure:3641: cc -c conftest.c >&5
configure:3644: $? = 0
configure:3647: cc -c conftest.c -o conftest.o >&5
configure:3650: $? = 0
configure:3652: cc -c conftest.c -o conftest.o >&5
configure:3655: $? = 0
configure:3673: result: yes
configure:3702: checking for ar
configure:3718: found /usr/bin/ar
configure:3728: result: ar
configure:3742: checking maximum warning verbosity option
configure:3780: result: -Wall -W -ansi -pedantic for C++ -Wall -W -ansi -pedantic for C
configure:3804: checking how to run the C preprocessor
configure:3839: gcc -E  conftest.c
configure:3845: $? = 0
configure:3877: gcc -E  conftest.c
conftest.c:16:28: fatal error: ac_nonexistent.h: No such file or directory
 #include <ac_nonexistent.h>
                            ^
compilation terminated.
configure:3883: $? = 1
configure: failed program was:
| /* confdefs.h.  */
| 
| #define PACKAGE_NAME "swig"
| #define PACKAGE_TARNAME "swig"
| #define PACKAGE_VERSION "1.3.31"
| #define PACKAGE_STRING "swig 1.3.31"
| #define PACKAGE_BUGREPORT "http://www.swig.org"
| #define PACKAGE "swig"
| #define VERSION "1.3.31"
| #ifdef __cplusplus
| extern "C" void exit (int) throw ();
| #endif
| #define SWIG_CXX "g++"
| #define SWIG_PLATFORM "x86_64-unknown-linux-gnu"
| /* end confdefs.h.  */
| #include <ac_nonexistent.h>
configure:3922: result: gcc -E
configure:3946: gcc -E  conftest.c
configure:3952: $? = 0
configure:3984: gcc -E  conftest.c
conftest.c:16:28: fatal error: ac_nonexistent.h: No such file or directory
 #include <ac_nonexistent.h>
                            ^
compilation terminated.
configure:3990: $? = 1
configure: failed program was:
| /* confdefs.h.  */
| 
| #define PACKAGE_NAME "swig"
| #define PACKAGE_TARNAME "swig"
| #define PACKAGE_VERSION "1.3.31"
| #define PACKAGE_STRING "swig 1.3.31"
| #define PACKAGE_BUGREPORT "http://www.swig.org"
| #define PACKAGE "swig"
| #define VERSION "1.3.31"
| #ifdef __cplusplus
| extern "C" void exit (int) throw ();
| #endif
| #define SWIG_CXX "g++"
| #define SWIG_PLATFORM "x86_64-unknown-linux-gnu"
| /* end confdefs.h.  */
| #include <ac_nonexistent.h>
configure:4034: checking for egrep
configure:4044: result: grep -E
configure:4049: checking for ANSI C header files
configure:4074: gcc -c -g -O2 -Wall -W -ansi -pedantic  conftest.c >&5
configure:4080: $? = 0
configure:4084: test -z 
			 || test ! -s conftest.err
configure:4087: $? = 0
configure:4090: test -s conftest.o
configure:4093: $? = 0
configure:4182: gcc -o conftest -g -O2 -Wall -W -ansi -pedantic   conftest.c  >&5
conftest.c: In function 'main':
conftest.c:33:7: warning: implicit declaration of function 'exit' [-Wimplicit-function-declaration]
       exit(2);
       ^
conftest.c:33:7: warning: incompatible implicit declaration of built-in function 'exit' [enabled by default]
configure:4185: $? = 0
configure:4187: ./conftest
configure:4190: $? = 0
configure:4205: result: yes
configure:4245: checking for sys/types.h
configure:4261: g++ -c -g -O2 -Wall -W -ansi -pedantic  conftest.cc >&5
configure:4267: $? = 0
configure:4271: test -z 
			 || test ! -s conftest.err
configure:4274: $? = 0
configure:4277: test -s conftest.o
configure:4280: $? = 0
configure:4291: result: yes
configure:4245: checking for sys/stat.h
configure:4261: g++ -c -g -O2 -Wall -W -ansi -pedantic  conftest.cc >&5
configure:4267: $? = 0
configure:4271: test -z 
			 || test ! -s conftest.err
configure:4274: $? = 0
configure:4277: test -s conftest.o
configure:4280: $? = 0
configure:4291: result: yes
configure:4245: checking for stdlib.h
configure:4261: g++ -c -g -O2 -Wall -W -ansi -pedantic  conftest.cc >&5
configure:4267: $? = 0
configure:4271: test -z 
			 || test ! -s conftest.err
configure:4274: $? = 0
configure:4277: test -s conftest.o
configure:4280: $? = 0
configure:4291: result: yes
configure:4245: checking for string.h
configure:4261: g++ -c -g -O2 -Wall -W -ansi -pedantic  conftest.cc >&5
configure:4267: $? = 0
configure:4271: test -z 
			 || test ! -s conftest.err
configure:4274: $? = 0
configure:4277: test -s conftest.o
configure:4280: $? = 0
configure:4291: result: yes
configure:4245: checking for memory.h
configure:4261: g++ -c -g -O2 -Wall -W -ansi -pedantic  conftest.cc >&5
configure:4267: $? = 0
configure:4271: test -z 
			 || test ! -s conftest.err
configure:4274: $? = 0
configure:4277: test -s conftest.o
configure:4280: $? = 0
configure:4291: result: yes
configure:4245: checking for strings.h
configure:4261: g++ -c -g -O2 -Wall -W -ansi -pedantic  conftest.cc >&5
configure:4267: $? = 0
configure:4271: test -z 
			 || test ! -s conftest.err
configure:4274: $? = 0
configure:4277: test -s conftest.o
configure:4280: $? = 0
configure:4291: result: yes
configure:4245: checking for inttypes.h
configure:4261: g++ -c -g -O2 -Wall -W -ansi -pedantic  conftest.cc >&5
configure:4267: $? = 0
configure:4271: test -z 
			 || test ! -s conftest.err
configure:4274: $? = 0
configure:4277: test -s conftest.o
configure:4280: $? = 0
configure:4291: result: yes
configure:4245: checking for stdint.h
configure:4261: g++ -c -g -O2 -Wall -W -ansi -pedantic  conftest.cc >&5
configure:4267: $? = 0
configure:4271: test -z 
			 || test ! -s conftest.err
configure:4274: $? = 0
configure:4277: test -s conftest.o
configure:4280: $? = 0
configure:4291: result: yes
configure:4245: checking for unistd.h
configure:4261: g++ -c -g -O2 -Wall -W -ansi -pedantic  conftest.cc >&5
configure:4267: $? = 0
configure:4271: test -z 
			 || test ! -s conftest.err
configure:4274: $? = 0
configure:4277: test -s conftest.o
configure:4280: $? = 0
configure:4291: result: yes
configure:4303: checking for bool
configure:4327: g++ -c -g -O2 -Wall -W -ansi -pedantic  conftest.cc >&5
configure:4333: $? = 0
configure:4337: test -z 
			 || test ! -s conftest.err
configure:4340: $? = 0
configure:4343: test -s conftest.o
configure:4346: $? = 0
configure:4357: result: yes
configure:4385: checking SO
configure:4396: result: .so
configure:4403: checking LDSHARED
configure:4452: result: gcc -shared
configure:4458: checking CXXSHARED
configure:4464: result: gcc -shared
configure:4468: checking TRYLINKINGWITHCXX
configure:4493: result: CXXSHARED= g++ -shared 
configure:4497: checking CCSHARED
configure:4516: result: -fpic
configure:4520: checking RPATH
configure:4531: result: -Xlinker -rpath $(exec_prefix)/lib -Xlinker -rpath .
configure:4538: checking LINKFORSHARED
configure:4552: result: -Xlinker -export-dynamic
configure:4635: checking for popen
configure:4692: gcc -o conftest -g -O2 -Wall -W -ansi -pedantic   conftest.c  >&5
configure:4698: $? = 0
configure:4702: test -z 
			 || test ! -s conftest.err
configure:4705: $? = 0
configure:4708: test -s conftest
configure:4711: $? = 0
configure:4723: result: yes
configure:4985: checking for dlopen in -ldl
configure:5015: gcc -o conftest -g -O2 -Wall -W -ansi -pedantic   conftest.c -ldl   >&5
configure:5021: $? = 0
configure:5025: test -z 
			 || test ! -s conftest.err
configure:5028: $? = 0
configure:5031: test -s conftest
configure:5034: $? = 0
configure:5047: result: yes
configure:5059: checking for shl_load in -ldld
configure:5089: gcc -o conftest -g -O2 -Wall -W -ansi -pedantic   conftest.c -ldld  -ldl  >&5
/usr/bin/ld: cannot find -ldld
collect2: error: ld returned 1 exit status
configure:5095: $? = 1
configure: failed program was:
| /* confdefs.h.  */
| 
| #define PACKAGE_NAME "swig"
| #define PACKAGE_TARNAME "swig"
| #define PACKAGE_VERSION "1.3.31"
| #define PACKAGE_STRING "swig 1.3.31"
| #define PACKAGE_BUGREPORT "http://www.swig.org"
| #define PACKAGE "swig"
| #define VERSION "1.3.31"
| #ifdef __cplusplus
| extern "C" void exit (int) throw ();
| #endif
| #define SWIG_CXX "g++"
| #define SWIG_PLATFORM "x86_64-unknown-linux-gnu"
| #define STDC_HEADERS 1
| #define HAVE_SYS_TYPES_H 1
| #define HAVE_SYS_STAT_H 1
| #define HAVE_STDLIB_H 1
| #define HAVE_STRING_H 1
| #define HAVE_MEMORY_H 1
| #define HAVE_STRINGS_H 1
| #define HAVE_INTTYPES_H 1
| #define HAVE_STDINT_H 1
| #define HAVE_UNISTD_H 1
| #define HAVE_BOOL 1
| #define HAVE_POPEN 1
| #define HAVE_LIBDL 1
| /* end confdefs.h.  */
| 
| /* Override any gcc2 internal prototype to avoid an error.  */
| #ifdef __cplusplus
| extern "C"
| #endif
| /* We use char because int might match the return type of a gcc2
|    builtin and then its argument prototype would still apply.  */
| char shl_load ();
| int
| main ()
| {
| shl_load ();
|   ;
|   return 0;
| }
configure:5121: result: no
configure:5133: checking for library containing t_open
configure:5163: gcc -o conftest -g -O2 -Wall -W -ansi -pedantic   conftest.c -ldl  >&5
/tmp/ccVJgGD0.o: In function `main':
/home/darky/Downloads/attendance_system/swig-1.3.31/conftest.c:40: undefined reference to `t_open'
collect2: error: ld returned 1 exit status
configure:5169: $? = 1
configure: failed program was:
| /* confdefs.h.  */
| 
| #define PACKAGE_NAME "swig"
| #define PACKAGE_TARNAME "swig"
| #define PACKAGE_VERSION "1.3.31"
| #define PACKAGE_STRING "swig 1.3.31"
| #define PACKAGE_BUGREPORT "http://www.swig.org"
| #define PACKAGE "swig"
| #define VERSION "1.3.31"
| #ifdef __cplusplus
| extern "C" void exit (int) throw ();
| #endif
| #define SWIG_CXX "g++"
| #define SWIG_PLATFORM "x86_64-unknown-linux-gnu"
| #define STDC_HEADERS 1
| #define HAVE_SYS_TYPES_H 1
| #define HAVE_SYS_STAT_H 1
| #define HAVE_STDLIB_H 1
| #define HAVE_STRING_H 1
| #define HAVE_MEMORY_H 1
| #define HAVE_STRINGS_H 1
| #define HAVE_INTTYPES_H 1
| #define HAVE_STDINT_H 1
| #define HAVE_UNISTD_H 1
| #define HAVE_BOOL 1
| #define HAVE_POPEN 1
| #define HAVE_LIBDL 1
| /* end confdefs.h.  */
| 
| /* Override any gcc2 internal prototype to avoid an error.  */
| #ifdef __cplusplus
| extern "C"
| #endif
| /* We use char because int might match the return type of a gcc2
|    builtin and then its argument prototype would still apply.  */
| char t_open ();
| int
| main ()
| {
| t_open ();
|   ;
|   return 0;
| }
configure:5218: gcc -o conftest -g -O2 -Wall -W -ansi -pedantic   conftest.c -lnsl  -ldl  >&5
/tmp/ccXNWPR2.o: In function `main':
/home/darky/Downloads/attendance_system/swig-1.3.31/conftest.c:40: undefined reference to `t_open'
collect2: error: ld returned 1 exit status
configure:5224: $? = 1
configure: failed program was:
| /* confdefs.h.  */
| 
| #define PACKAGE_NAME "swig"
| #define PACKAGE_TARNAME "swig"
| #define PACKAGE_VERSION "1.3.31"
| #define PACKAGE_STRING "swig 1.3.31"
| #define PACKAGE_BUGREPORT "http://www.swig.org"
| #define PACKAGE "swig"
| #define VERSION "1.3.31"
| #ifdef __cplusplus
| extern "C" void exit (int) throw ();
| #endif
| #define SWIG_CXX "g++"
| #define SWIG_PLATFORM "x86_64-unknown-linux-gnu"
| #define STDC_HEADERS 1
| #define HAVE_SYS_TYPES_H 1
| #define HAVE_SYS_STAT_H 1
| #define HAVE_STDLIB_H 1
| #define HAVE_STRING_H 1
| #define HAVE_MEMORY_H 1
| #define HAVE_STRINGS_H 1
| #define HAVE_INTTYPES_H 1
| #define HAVE_STDINT_H 1
| #define HAVE_UNISTD_H 1
| #define HAVE_BOOL 1
| #define HAVE_POPEN 1
| #define HAVE_LIBDL 1
| /* end confdefs.h.  */
| 
| /* Override any gcc2 internal prototype to avoid an error.  */
| #ifdef __cplusplus
| extern "C"
| #endif
| /* We use char because int might match the return type of a gcc2
|    builtin and then its argument prototype would still apply.  */
| char t_open ();
| int
| main ()
| {
| t_open ();
|   ;
|   return 0;
| }
configure:5252: result: no
configure:5259: checking for library containing gethostbyname
configure:5289: gcc -o conftest -g -O2 -Wall -W -ansi -pedantic   conftest.c -ldl  >&5
configure:5295: $? = 0
configure:5299: test -z 
			 || test ! -s conftest.err
configure:5302: $? = 0
configure:5305: test -s conftest
configure:5308: $? = 0
configure:5378: result: none required
configure:5385: checking for library containing socket
configure:5415: gcc -o conftest -g -O2 -Wall -W -ansi -pedantic   conftest.c -ldl  >&5
configure:5421: $? = 0
configure:5425: test -z 
			 || test ! -s conftest.err
configure:5428: $? = 0
configure:5431: test -s conftest
configure:5434: $? = 0
configure:5504: result: none required
configure:5512: checking for swill_init in -lswill
configure:5542: gcc -o conftest -g -O2 -Wall -W -ansi -pedantic   conftest.c -lswill  -ldl  >&5
/usr/bin/ld: cannot find -lswill
collect2: error: ld returned 1 exit status
configure:5548: $? = 1
configure: failed program was:
| /* confdefs.h.  */
| 
| #define PACKAGE_NAME "swig"
| #define PACKAGE_TARNAME "swig"
| #define PACKAGE_VERSION "1.3.31"
| #define PACKAGE_STRING "swig 1.3.31"
| #define PACKAGE_BUGREPORT "http://www.swig.org"
| #define PACKAGE "swig"
| #define VERSION "1.3.31"
| #ifdef __cplusplus
| extern "C" void exit (int) throw ();
| #endif
| #define SWIG_CXX "g++"
| #define SWIG_PLATFORM "x86_64-unknown-linux-gnu"
| #define STDC_HEADERS 1
| #define HAVE_SYS_TYPES_H 1
| #define HAVE_SYS_STAT_H 1
| #define HAVE_STDLIB_H 1
| #define HAVE_STRING_H 1
| #define HAVE_MEMORY_H 1
| #define HAVE_STRINGS_H 1
| #define HAVE_INTTYPES_H 1
| #define HAVE_STDINT_H 1
| #define HAVE_UNISTD_H 1
| #define HAVE_BOOL 1
| #define HAVE_POPEN 1
| #define HAVE_LIBDL 1
| /* end confdefs.h.  */
| 
| /* Override any gcc2 internal prototype to avoid an error.  */
| #ifdef __cplusplus
| extern "C"
| #endif
| /* We use char because int might match the return type of a gcc2
|    builtin and then its argument prototype would still apply.  */
| char swill_init ();
| int
| main ()
| {
| swill_init ();
|   ;
|   return 0;
| }
configure:5574: result: no
configure:5598: checking for main in -lieee
configure:5622: gcc -o conftest -g -O2 -Wall -W -ansi -pedantic   conftest.c -lieee  -ldl  >&5
configure:5628: $? = 0
configure:5632: test -z 
			 || test ! -s conftest.err
configure:5635: $? = 0
configure:5638: test -s conftest
configure:5641: $? = 0
configure:5654: result: yes
configure:5660: checking for crypt in -lcrypt
configure:5690: gcc -o conftest -g -O2 -Wall -W -ansi -pedantic   conftest.c -lcrypt  -ldl  >&5
configure:5696: $? = 0
configure:5700: test -z 
			 || test ! -s conftest.err
configure:5703: $? = 0
configure:5706: test -s conftest
configure:5709: $? = 0
configure:5722: result: yes
configure:5754: checking for X
configure:5859: gcc -E  conftest.c
configure:5865: $? = 0
configure:5915: gcc -o conftest -g -O2 -Wall -W -ansi -pedantic   conftest.c -lXt -ldl  >&5
configure:5921: $? = 0
configure:5925: test -z 
			 || test ! -s conftest.err
configure:5928: $? = 0
configure:5931: test -s conftest
configure:5934: $? = 0
configure:5984: result: libraries , headers 
configure:5999: gcc -E  conftest.c
conftest.c:29:28: fatal error: X11/XIntrinsic.h: No such file or directory
 #include <X11/XIntrinsic.h>
                            ^
compilation terminated.
configure:6005: $? = 1
configure: failed program was:
| /* confdefs.h.  */
| 
| #define PACKAGE_NAME "swig"
| #define PACKAGE_TARNAME "swig"
| #define PACKAGE_VERSION "1.3.31"
| #define PACKAGE_STRING "swig 1.3.31"
| #define PACKAGE_BUGREPORT "http://www.swig.org"
| #define PACKAGE "swig"
| #define VERSION "1.3.31"
| #ifdef __cplusplus
| extern "C" void exit (int) throw ();
| #endif
| #define SWIG_CXX "g++"
| #define SWIG_PLATFORM "x86_64-unknown-linux-gnu"
| #define STDC_HEADERS 1
| #define HAVE_SYS_TYPES_H 1
| #define HAVE_SYS_STAT_H 1
| #define HAVE_STDLIB_H 1
| #define HAVE_STRING_H 1
| #define HAVE_MEMORY_H 1
| #define HAVE_STRINGS_H 1
| #define HAVE_INTTYPES_H 1
| #define HAVE_STDINT_H 1
| #define HAVE_UNISTD_H 1
| #define HAVE_BOOL 1
| #define HAVE_POPEN 1
| #define HAVE_LIBDL 1
| /* end confdefs.h.  */
| #include <X11/XIntrinsic.h>
configure:6032: checking for X11 header files
configure:6043: gcc -E  conftest.c
configure:6049: $? = 0
configure:6248: checking for Tcl configuration
configure:6271: result: no
configure:6297: checking for Tcl header files
configure:6308: gcc -E  conftest.c
conftest.c:29:17: fatal error: tcl.h: No such file or directory
 #include <tcl.h>
                 ^
compilation terminated.
configure:6314: $? = 1
configure: failed program was:
| /* confdefs.h.  */
| 
| #define PACKAGE_NAME "swig"
| #define PACKAGE_TARNAME "swig"
| #define PACKAGE_VERSION "1.3.31"
| #define PACKAGE_STRING "swig 1.3.31"
| #define PACKAGE_BUGREPORT "http://www.swig.org"
| #define PACKAGE "swig"
| #define VERSION "1.3.31"
| #ifdef __cplusplus
| extern "C" void exit (int) throw ();
| #endif
| #define SWIG_CXX "g++"
| #define SWIG_PLATFORM "x86_64-unknown-linux-gnu"
| #define STDC_HEADERS 1
| #define HAVE_SYS_TYPES_H 1
| #define HAVE_SYS_STAT_H 1
| #define HAVE_STDLIB_H 1
| #define HAVE_STRING_H 1
| #define HAVE_MEMORY_H 1
| #define HAVE_STRINGS_H 1
| #define HAVE_INTTYPES_H 1
| #define HAVE_STDINT_H 1
| #define HAVE_UNISTD_H 1
| #define HAVE_BOOL 1
| #define HAVE_POPEN 1
| #define HAVE_LIBDL 1
| /* end confdefs.h.  */
| #include <tcl.h>
configure:6346: result: not found
configure:6354: checking for Tcl library
configure:6367: result: not found
configure:6415: checking for python
configure:6431: found /usr/bin/python
configure:6441: result: python
configure:6456: checking for Python prefix
configure:6459: result: /usr
configure:6461: checking for Python exec-prefix
configure:6464: result: /usr
configure:6471: checking for Python version
configure:6477: result: python2.7
configure:6482: checking for Python lib dir
configure:6489: result: lib
configure:6494: checking for Python header files
configure:6504: result: -I/usr/include/python2.7 -I/usr/lib/python2.7/config
configure:6508: checking for Python library
configure:6518: result: Not found
configure:6576: checking for perl
configure:6592: found /usr/bin/perl
configure:6602: result: perl
configure:6619: checking for Perl5 header files
configure:6628: result: /usr/lib/perl/5.18/CORE
configure:6640: checking for Perl5 library
configure:6647: result: perl.so.5.18.2
configure:6650: checking for Perl5 compiler options
configure:6657: result: -D_REENTRANT -D_GNU_SOURCE -DDEBIAN -fstack-protector -fno-strict-aliasing -pipe -isystem /usr/local/include -D_LARGEFILE_SOURCE -D_FILE_OFFSET_BITS=64
configure:6716: checking for java
configure:6745: result: no
configure:6716: checking for kaffe
configure:6745: result: no
configure:6716: checking for guavac
configure:6745: result: no
configure:6761: checking for javac
configure:6790: result: no
configure:6801: checking for java include file jni.h
configure:6835: result: not found
configure:6935: checking for gcj
configure:6964: result: no
configure:6980: checking for gcjh
configure:7009: result: no
configure:7083: checking for guile-config
configure:7116: result: no
configure:7152: checking for Guile header files
configure:7165: result: not found
configure:7169: checking for Guile library
configure:7181: result: not found
configure:7194: checking whether Guile's gh_ API works
configure:7201: gcc -o conftest -g -O2 -Wall -W -ansi -pedantic    -L -lguile conftest.c -ldl  >&5
conftest.c:1:22: fatal error: guile/gh.h: No such file or directory
 #include <guile/gh.h>
                      ^
compilation terminated.
configure:7207: $? = 1
configure: failed program was:
| #include <guile/gh.h>
|   int main() { SCM s; return gh_scm2int(s); }
configure:7234: result: no
configure:7237: checking whether Guile's SCM_ API works
configure:7244: gcc -o conftest -g -O2 -Wall -W -ansi -pedantic    -L -lguile conftest.c -ldl  >&5
conftest.c:1:22: fatal error: libguile.h: No such file or directory
 #include <libguile.h>
                      ^
compilation terminated.
configure:7250: $? = 1
configure: failed program was:
| #include <libguile.h>
|   int main() { SCM s; scm_slot_exists_p(SCM_BOOL_F, SCM_BOOL_F); return SCM_STRING_LENGTH(s); }
configure:7277: result: no
configure:7322: checking for mzscheme
configure:7355: result: no
configure:7366: checking for mzc
configure:7399: result: no
configure:7444: checking for ruby
configure:7473: result: no
configure:7484: checking for Ruby header files
configure:7571: result: could not figure out how to run ruby
configure:7617: checking for php
configure:7646: result: no
configure:7617: checking for php4
configure:7646: result: no
configure:7657: checking for PHP4 header files
configure:7678: result: not found
configure:7738: checking for Ocaml DL load generator
configure:7745: checking for ocamldlgen
configure:7774: result: no
configure:7786: checking for Ocaml package tool
configure:7793: checking for ocamlfind
configure:7822: result: no
configure:7834: checking for Ocaml compiler
configure:7841: checking for ocamlc
configure:7870: result: no
configure:7882: checking for Ocaml interpreter
configure:7889: checking for ocaml
configure:7915: result: yes
configure:7930: checking for Ocaml toplevel creator
configure:7937: checking for ocamlmktop
configure:7966: result: no
configure:8080: checking for pike
configure:8109: result: no
configure:8080: checking for pike7.6
configure:8109: result: no
configure:8080: checking for pike7.4
configure:8109: result: no
configure:8080: checking for pike7.2
configure:8109: result: no
configure:8242: checking for chicken
configure:8271: result: no
configure:8296: checking for csc
configure:8325: result: no
configure:8361: checking for csi
configure:8390: result: no
configure:8620: checking for mcs
configure:8649: result: no
configure:8620: checking for cscc
configure:8649: result: no
configure:8861: checking for lua
configure:8894: result: no
configure:8947: checking for Lua header files
configure:8959: gcc -E  conftest.c
conftest.c:29:17: fatal error: lua.h: No such file or directory
 #include <lua.h>
                 ^
compilation terminated.
configure:8965: $? = 1
configure: failed program was:
| /* confdefs.h.  */
| 
| #define PACKAGE_NAME "swig"
| #define PACKAGE_TARNAME "swig"
| #define PACKAGE_VERSION "1.3.31"
| #define PACKAGE_STRING "swig 1.3.31"
| #define PACKAGE_BUGREPORT "http://www.swig.org"
| #define PACKAGE "swig"
| #define VERSION "1.3.31"
| #ifdef __cplusplus
| extern "C" void exit (int) throw ();
| #endif
| #define SWIG_CXX "g++"
| #define SWIG_PLATFORM "x86_64-unknown-linux-gnu"
| #define STDC_HEADERS 1
| #define HAVE_SYS_TYPES_H 1
| #define HAVE_SYS_STAT_H 1
| #define HAVE_STDLIB_H 1
| #define HAVE_STRING_H 1
| #define HAVE_MEMORY_H 1
| #define HAVE_STRINGS_H 1
| #define HAVE_INTTYPES_H 1
| #define HAVE_STDINT_H 1
| #define HAVE_UNISTD_H 1
| #define HAVE_BOOL 1
| #define HAVE_POPEN 1
| #define HAVE_LIBDL 1
| /* end confdefs.h.  */
| #include <lua.h>
configure:8998: result: not found
configure:9006: checking for Lua library
configure:9020: result: not found
configure:9070: checking for alisp
configure:9103: result: no
configure:9138: checking for clisp
configure:9171: result: no
configure:9206: checking for R
configure:9239: result: no
configure:9582: creating ./config.status

## ---------------------- ##
## Running config.status. ##
## ---------------------- ##

This file was extended by swig config.status 1.3.31, which was
generated by GNU Autoconf 2.59.  Invocation command line was

  CONFIG_FILES    = 
  CONFIG_HEADERS  = 
  CONFIG_LINKS    = 
  CONFIG_COMMANDS = 
  $ ./config.status 

on darky-H61MLV2

config.status:861: creating Makefile
config.status:861: creating swig.spec
config.status:861: creating Source/Makefile
config.status:861: creating Examples/Makefile
config.status:861: creating Examples/guile/Makefile
config.status:861: creating Examples/xml/Makefile
config.status:861: creating Examples/GIFPlot/Makefile
config.status:861: creating Examples/GIFPlot/Lib/Makefile
config.status:861: creating Examples/test-suite/chicken/Makefile
config.status:861: creating Examples/test-suite/csharp/Makefile
config.status:861: creating Examples/test-suite/guile/Makefile
config.status:861: creating Examples/test-suite/guilescm/Makefile
config.status:861: creating Examples/test-suite/java/Makefile
config.status:861: creating Examples/test-suite/mzscheme/Makefile
config.status:861: creating Examples/test-suite/ocaml/Makefile
config.status:861: creating Examples/test-suite/perl5/Makefile
config.status:861: creating Examples/test-suite/php4/Makefile
config.status:861: creating Examples/test-suite/pike/Makefile
config.status:861: creating Examples/test-suite/python/Makefile
config.status:861: creating Examples/test-suite/ruby/Makefile
config.status:861: creating Examples/test-suite/tcl/Makefile
config.status:861: creating Examples/test-suite/lua/Makefile
config.status:861: creating Examples/test-suite/allegrocl/Makefile
config.status:861: creating Examples/test-suite/clisp/Makefile
config.status:861: creating Examples/test-suite/cffi/Makefile
config.status:861: creating Examples/test-suite/uffi/Makefile
config.status:861: creating Examples/test-suite/r/Makefile
config.status:861: creating Lib/ocaml/swigp4.ml
config.status:861: creating preinst-swig
config.status:969: creating Source/Include/swigconfig.h
config.status:1269: executing depfiles commands

## ---------------- ##
## Cache variables. ##
## ---------------- ##

ac_cv_build=x86_64-unknown-linux-gnu
ac_cv_build_alias=x86_64-unknown-linux-gnu
ac_cv_c_compiler_gnu=yes
ac_cv_cxx_compiler_gnu=yes
ac_cv_env_CC_set=
ac_cv_env_CC_value=
ac_cv_env_CFLAGS_set=
ac_cv_env_CFLAGS_value=
ac_cv_env_CPPFLAGS_set=
ac_cv_env_CPPFLAGS_value=
ac_cv_env_CPP_set=
ac_cv_env_CPP_value=
ac_cv_env_CXXFLAGS_set=
ac_cv_env_CXXFLAGS_value=
ac_cv_env_CXX_set=
ac_cv_env_CXX_value=
ac_cv_env_LDFLAGS_set=
ac_cv_env_LDFLAGS_value=
ac_cv_env_build_alias_set=
ac_cv_env_build_alias_value=
ac_cv_env_host_alias_set=
ac_cv_env_host_alias_value=
ac_cv_env_target_alias_set=
ac_cv_env_target_alias_value=
ac_cv_exeext=
ac_cv_func_popen=yes
ac_cv_have_x='have_x=yes 		ac_x_includes= ac_x_libraries='
ac_cv_header_inttypes_h=yes
ac_cv_header_memory_h=yes
ac_cv_header_stdc=yes
ac_cv_header_stdint_h=yes
ac_cv_header_stdlib_h=yes
ac_cv_header_string_h=yes
ac_cv_header_strings_h=yes
ac_cv_header_sys_stat_h=yes
ac_cv_header_sys_types_h=yes
ac_cv_header_unistd_h=yes
ac_cv_host=x86_64-unknown-linux-gnu
ac_cv_host_alias=x86_64-unknown-linux-gnu
ac_cv_lib_crypt_crypt=yes
ac_cv_lib_dl_dlopen=yes
ac_cv_lib_dld_shl_load=no
ac_cv_lib_ieee_main=yes
ac_cv_lib_swill_swill_init=no
ac_cv_objext=o
ac_cv_path_install='/usr/bin/install -c'
ac_cv_prog_AR=ar
ac_cv_prog_AWK=mawk
ac_cv_prog_CPP='gcc -E'
ac_cv_prog_OCAMLBIN=yes
ac_cv_prog_PERL=perl
ac_cv_prog_PYTHON=python
ac_cv_prog_ac_ct_CC=gcc
ac_cv_prog_ac_ct_CXX=g++
ac_cv_prog_ac_ct_RANLIB=ranlib
ac_cv_prog_cc_g=yes
ac_cv_prog_cc_gcc_c_o=yes
ac_cv_prog_cc_stdc=
ac_cv_prog_cxx_g=yes
ac_cv_prog_egrep='grep -E'
ac_cv_prog_make_make_set=yes
ac_cv_search_gethostbyname='none required'
ac_cv_search_socket='none required'
ac_cv_search_t_open=no
ac_cv_type_bool=yes
am_cv_CC_dependencies_compiler_type=gcc3
am_cv_CXX_dependencies_compiler_type=gcc3

## ----------------- ##
## Output variables. ##
## ----------------- ##

ACLOCAL='${SHELL} /home/darky/Downloads/attendance_system/swig-1.3.31/Tools/config/missing --run aclocal-1.9'
ALLEGROCLBIN=''
AMDEPBACKSLASH='\'
AMDEP_FALSE='#'
AMDEP_TRUE=''
AMTAR='${SHELL} /home/darky/Downloads/attendance_system/swig-1.3.31/Tools/config/missing --run tar'
AR='ar'
AUTOCONF='${SHELL} /home/darky/Downloads/attendance_system/swig-1.3.31/Tools/config/missing --run autoconf'
AUTOHEADER='${SHELL} /home/darky/Downloads/attendance_system/swig-1.3.31/Tools/config/missing --run autoheader'
AUTOMAKE='${SHELL} /home/darky/Downloads/attendance_system/swig-1.3.31/Tools/config/missing --run automake-1.9'
AWK='mawk'
CC='gcc'
CCDEPMODE='depmode=gcc3'
CCSHARED='-fpic'
CFLAGS='-g -O2 -Wall -W -ansi -pedantic'
CHICKEN=''
CHICKENLIB=''
CHICKENOPTS=''
CHICKENSHAREDLIB=''
CHICKEN_CSC=''
CHICKEN_CSI=''
CLISPBIN=''
CPP='gcc -E'
CPPFLAGS=''
CSHARPCFLAGS=''
CSHARPCILINTERPRETER=''
CSHARPCOMPILER=''
CSHARPCYGPATH_W='echo'
CSHARPDYNAMICLINKING=''
CSHARPLIBRARYPREFIX='lib'
CSHARPPATHSEPARATOR='/'
CSHARPSO='.so'
CXX='g++'
CXXDEPMODE='depmode=gcc3'
CXXFLAGS='-g -O2 -Wall -W -ansi -pedantic'
CXXSHARED='gcc -shared'
CYGPATH_W='echo'
DEFS='-DHAVE_CONFIG_H'
DEPDIR='.deps'
ECHO_C=''
ECHO_N='-n'
ECHO_T=''
EGREP='grep -E'
EXEEXT=''
EXTRA_CLEAN=''
GCJ=''
GCJH=''
GUILE=''
GUILEINCLUDE=''
GUILELIB=''
GUILELINK='-L -lguile'
GUILE_CONFIG=''
GUILE_GH_INTERFACE=''
GUILE_SCM_INTERFACE=''
GUILE_SO='.so'
INSTALL_DATA='${INSTALL} -m 644'
INSTALL_PROGRAM='${INSTALL}'
INSTALL_SCRIPT='${INSTALL}'
INSTALL_STRIP_PROGRAM='${SHELL} $(install_sh) -c -s'
JAVA=''
JAVAC=''
JAVACFLAGS=''
JAVACXXSHARED='$(CXXSHARED)'
JAVADYNAMICLINKING=''
JAVAINC=''
JAVALDSHARED='$(LDSHARED)'
JAVALIBRARYPREFIX='lib'
JAVASO='.so'
LDFLAGS=''
LDSHARED='gcc -shared'
LIBC=''
LIBCRYPT='-lcrypt'
LIBM='-lieee -lm'
LIBOBJS=''
LIBS='-ldl '
LINKFORSHARED='-Xlinker -export-dynamic'
LTLIBOBJS=''
LUABIN=''
LUADYNAMICLINKING=''
LUAINCLUDE=''
LUALIB=''
LUALIBRARY=''
LUA_SO='.so'
MAKEINFO='${SHELL} /home/darky/Downloads/attendance_system/swig-1.3.31/Tools/config/missing --run makeinfo'
MZC=''
MZDYNOBJ=''
MZSCHEME=''
MZSCHEME_SO='.so'
OBJEXT='o'
OCAMLBIN='yes'
OCAMLC=':'
OCAMLDLGEN=':'
OCAMLFIND=':'
OCAMLINC=''
OCAMLLOC='loc'
OCAMLMKTOP=':'
OCAMLVER=''
PACKAGE='swig'
PACKAGE_BUGREPORT='http://www.swig.org'
PACKAGE_NAME='swig'
PACKAGE_STRING='swig 1.3.31'
PACKAGE_TARNAME='swig'
PACKAGE_VERSION='1.3.31'
PATH_SEPARATOR=':'
PERL5CCFLAGS='-D_REENTRANT -D_GNU_SOURCE -DDEBIAN -fstack-protector -fno-strict-aliasing -pipe -isystem /usr/local/include -D_LARGEFILE_SOURCE -D_FILE_OFFSET_BITS=64'
PERL5DYNAMICLINKING=''
PERL5EXT='/usr/lib/perl/5.18/CORE'
PERL5LIB='perl.so.5.18.2'
PERL='perl'
PHP4=''
PHP4INC=''
PHP4_SO='.so'
PIKE=''
PIKECCDLFLAGS=''
PIKECONFIG=''
PIKEDYNAMICLINKING=''
PIKEINCLUDE=''
PLATFLAGS=''
PYINCLUDE='-I/usr/include/python2.7 -I/usr/lib/python2.7/config'
PYLIB=''
PYLINK='-lpython2.7'
PYTHON='python'
PYTHONDYNAMICLINKING=''
PYTHON_SO='.so'
RANLIB='ranlib'
RBIN=''
ROOT_DIR='/home/darky/Downloads/attendance_system/swig-1.3.31'
RPATH='-Xlinker -rpath $(exec_prefix)/lib -Xlinker -rpath .'
RUBY=''
RUBYCCDLFLAGS=''
RUBYDYNAMICLINKING=''
RUBYINCLUDE='-I/usr/local/lib/ruby/1.4/arch'
RUBYLIB='/usr/local/lib/ruby/1.4/arch'
RUBYLINK='-lruby -lm'
SET_MAKE=''
SHELL='/bin/bash'
SKIP_ALLEGROCL='1'
SKIP_CFFI='1'
SKIP_CHICKEN='1'
SKIP_CLISP='1'
SKIP_CSHARP='1'
SKIP_GCJ='1'
SKIP_GUILE='1'
SKIP_GUILESCM='1'
SKIP_JAVA='1'
SKIP_LUA='1'
SKIP_MODULA3='1'
SKIP_MZSCHEME='1'
SKIP_OCAML='1'
SKIP_PERL5=''
SKIP_PHP4='1'
SKIP_PIKE='1'
SKIP_PYTHON='1'
SKIP_R='1'
SKIP_RUBY='1'
SKIP_TCL='1'
SKIP_UFFI='1'
SO='.so'
STRIP=''
SWIGLIBS=''
SWIG_LIB='/usr/local/share/swig/1.3.31'
SWILL=''
TCLDYNAMICLINKING=''
TCLINCLUDE=''
TCLLIB=''
TCL_CXXSHARED='CXXSHARED= g++ -shared '
TCL_LDSHARED='gcc -shared'
TCL_SO='.so'
TRYLINKINGWITHCXX='CXXSHARED= g++ -shared '
VERSION='1.3.31'
XINCLUDES='# no special path needed'
XLIBSW='-lX11'
YACC='yacc'
ac_aux_dir='Tools/config'
ac_ct_CC='gcc'
ac_ct_CXX='g++'
ac_ct_RANLIB='ranlib'
ac_ct_STRIP=''
am__fastdepCC_FALSE='#'
am__fastdepCC_TRUE=''
am__fastdepCXX_FALSE='#'
am__fastdepCXX_TRUE=''
am__include='include'
am__leading_dot='.'
am__quote=''
am__tar='${AMTAR} chof - "$$tardir"'
am__untar='${AMTAR} xf -'
bindir='${exec_prefix}/bin'
build='x86_64-unknown-linux-gnu'
build_alias=''
build_cpu='x86_64'
build_os='linux-gnu'
build_vendor='unknown'
datadir='${prefix}/share'
exec_prefix='${prefix}'
host='x86_64-unknown-linux-gnu'
host_alias=''
host_cpu='x86_64'
host_os='linux-gnu'
host_vendor='unknown'
includedir='${prefix}/include'
infodir='${prefix}/info'
install_sh='/home/darky/Downloads/attendance_system/swig-1.3.31/Tools/config/install-sh'
libdir='${exec_prefix}/lib'
libexecdir='${exec_prefix}/libexec'
localstatedir='${prefix}/var'
mandir='${prefix}/man'
mkdir_p='mkdir -p --'
oldincludedir='/usr/include'
prefix='/usr/local'
program_transform_name='s,x,x,'
sbindir='${exec_prefix}/sbin'
sharedstatedir='${prefix}/com'
swig_lib='${prefix}/share/swig/1.3.31'
sysconfdir='${prefix}/etc'
target_alias=''

## ----------- ##
## confdefs.h. ##
## ----------- ##

#define HAVE_BOOL 1
#define HAVE_INTTYPES_H 1
#define HAVE_LIBDL 1
#define HAVE_MEMORY_H 1
#define HAVE_POPEN 1
#define HAVE_STDINT_H 1
#define HAVE_STDLIB_H 1
#define HAVE_STRINGS_H 1
#define HAVE_STRING_H 1
#define HAVE_SYS_STAT_H 1
#define HAVE_SYS_TYPES_H 1
#define HAVE_UNISTD_H 1
#define PACKAGE "swig"
#define PACKAGE_BUGREPORT "http://www.swig.org"
#define PACKAGE_NAME "swig"
#define PACKAGE_STRING "swig 1.3.31"
#define PACKAGE_TARNAME "swig"
#define PACKAGE_VERSION "1.3.31"
#define STDC_HEADERS 1
#define SWIG_CXX "g++"
#define SWIG_LIB "/usr/local/share/swig/1.3.31"
#define SWIG_LIB_WIN_UNIX ""
#define SWIG_PLATFORM "x86_64-unknown-linux-gnu"
#define VERSION "1.3.31"
#endif
#ifdef __cplusplus
extern "C" void exit (int) throw ();

configure: exit 0
